make all --print-data-base --no-builtin-variables --no-builtin-rules --question
# GNU Make 3.81
# Copyright (C) 2006  Free Software Foundation, Inc.
# This is free software; see the source for copying conditions.
# There is NO warranty; not even for MERCHANTABILITY or FITNESS FOR A
# PARTICULAR PURPOSE.

# This program built for i386-apple-darwin11.3.0
 
make: *** No rule to make target `all'.  Stop.


# Make data base, printed on Tue Jul  5 15:23:38 2022

# Variables

# environment
VSCODE_GIT_ASKPASS_MAIN = /Applications/Visual Studio Code.app/Contents/Resources/app/extensions/git/dist/askpass-main.js
# automatic
<D = $(patsubst %/,%,$(dir $<))
# automatic
?F = $(notdir $?)
# environment
ELECTRON_NO_ATTACH_CONSOLE = 1
# environment
VSCODE_LOG_NATIVE = false
# automatic
?D = $(patsubst %/,%,$(dir $?))
# environment
ARCHFLAGS = -arch arm64
# automatic
@D = $(patsubst %/,%,$(dir $@))
# automatic
@F = $(notdir $@)
# makefile
CURDIR := /Users/cedric/.oh-my-zsh
# makefile
SHELL = /bin/sh
# environment
VSCODE_NLS_CONFIG = {"locale":"en-us","availableLanguages":{},"_languagePackSupport":true}
# environment
EDITOR = code
# environment
_ = /usr/bin/make
# environment
WALLABY_PRODUCTION = true
# makefile
MAKEFILE_LIST := 
# environment
MSSQL_HOST = localhost
# environment
DATABASE_URL = sqlserver://localhost;user=sa;password=newsComplexSpoonful363^;databaseName=CASE_UKDEV_CL000001_PRJ002000;encrypt=true;trustServerCertificate=true
# environment
VSCODE_VERBOSE_LOGGING = true
# environment
__CFBundleIdentifier = com.microsoft.VSCode
# environment
VSCODE_IPC_HOOK_EXTHOST = /var/folders/70/sxv3jx4x515f74d62lxh93cm0000gn/T/vscode-ipc-ccad7633-aa2e-4b72-8521-8b737c6ffa00.sock
# environment
VSCODE_CWD = /Users/cedric/.dotfiles
# environment
PATH = /Users/cedric/.poetry/bin:/Users/cedric/.yarn/bin:/Users/cedric/.config/yarn/global/node_modules/.bin:/opt/homebrew/opt/libpq/bin:/Users/cedric/.asdf/shims:/opt/homebrew/bin:/usr/local/bin:/usr/local/opt/gnu-getopt/bin:/usr/local/bin:/usr/local/sbin:/usr/bin:/bin:/usr/sbin:/sbin:/Applications/VMware Fusion.app/Contents/Public:/usr/local/MacGPG2/bin:/opt/X11/bin:/Library/Apple/usr/bin:/Library/Frameworks/Mono.framework/Versions/Current/Commands:/Users/cedric/.poetry/bin:/Users/cedric/.yarn/bin:/Users/cedric/.config/yarn/global/node_modules/.bin:/opt/homebrew/opt/libpq/bin:/Users/cedric/.asdf/shims:/opt/homebrew/bin:/usr/local/opt/gnu-getopt/bin:/Users/cedric/.bin:/Users/cedric/.krew/bin:/Users/cedric/.bin:/Users/cedric/.krew/bin
# environment
LSCOLORS = Gxfxcxdxbxegedabagacad
# environment
ES_HOST = internal-es-data-dev-1168749036.us-east-1.elb.amazonaws.com
# environment
SDKMAN_DIR = /Users/cedric/.sdkman
# environment
ES_PORT = 80
# environment
MSSQL_DATABASE_NAME = CASE_UKDEV_CL000001_PRJ002000
# environment
VSCODE_LOG_STACK = false
# environment
ELECTRON_RUN_AS_NODE = 1
# environment
KUBECONFIG = /Users/cedric/.kube/config
# default
.FEATURES := target-specific order-only second-expansion else-if archives jobserver check-symlink
# environment
SSH_AUTH_SOCK = /private/tmp/com.apple.launchd.rCOFeWCmhQ/Listeners
# automatic
%F = $(notdir $%)
# environment
DISPLAY = /private/tmp/com.apple.launchd.qROqjZUCyn/org.xquartz:0
# environment
API_PATH = http://localhost:4000/graphql
# environment
VISUAL = nano
# environment
VSCODE_PIPE_LOGGING = true
# environment
PWD = /Users/cedric/.oh-my-zsh
# environment
ORIGINAL_XDG_CURRENT_DESKTOP = undefined
# environment
VSCODE_AMD_ENTRYPOINT = vs/workbench/api/node/extensionHostProcess
# environment
HOME = /Users/cedric
# default
 
MAKEFILEPATH := /Applications/Xcode.app/Contents/Developer/Makefiles
# environment
VSCODE_CLI = 1
# environment
VSCODE_CODE_CACHE_PATH = /Users/cedric/Library/Application Support/Code/CachedData/30d9c6cd9483b2cc586687151bcbcd635f373630
# environment
LOGNAME = cedric
# environment
APPLICATION_INSIGHTS_NO_DIAGNOSTIC_CHANNEL = 1
# automatic
+F = $(notdir $+)
# environment
ZSH = /Users/cedric/.oh-my-zsh
# environment
VSCODE_HANDLES_UNCAUGHT_ERRORS = true
# automatic
^D = $(patsubst %/,%,$(dir $^))
# environment
MAKELEVEL := 0
# environment
XPC_FLAGS = 0x0
# environment
COLORTERM = truecolor
# default
MAKE = $(MAKE_COMMAND)
# environment
LC_TERMINAL = iTerm2
# environment
SHLVL = 7
# default
MAKE_VERSION := 3.81
# environment
USER = cedric
# makefile
.DEFAULT_GOAL := 
# default
MAKECMDGOALS := all
# environment
TERM_SESSION_ID = w0t0p0:A340A2D1-7B94-4483-AF50-804C167D1DB3
# environment
LESS = -F -g -i -M -R -S -w -X -z-4
# automatic
%D = $(patsubst %/,%,$(dir $%))
# default
MAKE_COMMAND := /Applications/Xcode.app/Contents/Developer/usr/bin/make
# environment
VSCODE_GIT_ASKPASS_EXTRA_ARGS = --ms-enable-electron-run-as-node
# environment
TERM_PROGRAM = vscode
# default
.VARIABLES := 
# environment
TMPDIR = /var/folders/70/sxv3jx4x515f74d62lxh93cm0000gn/T/
# automatic
*F = $(notdir $*)
# environment
VSCODE_IPC_HOOK = /Users/cedric/Library/Application Support/Code/1.68.1-main.sock
# environment
VSCODE_GIT_ASKPASS_NODE = /Applications/Visual Studio Code.app/Contents/Frameworks/Code Helper.app/Contents/MacOS/Code Helper
# makefile
MAKEFLAGS = Rrqp
# environment
MFLAGS = -Rrqp
# automatic
*D = $(patsubst %/,%,$(dir $*))
# environment
TERM_PROGRAM_VERSION = 1.68.1
# environment
XPC_SERVICE_NAME = application.com.microsoft.VSCode.159058420.159058426.32D3A7B9-E164-4F23-9E82-3C8C03AFC6CF
# environment
LC_TERMINAL_VERSION = 3.4.15
# automatic
+D = $(patsubst %/,%,$(dir $+))
# environment
BROWSER = open
# environment
ITERM_SESSION_ID = w0t0p0:A340A2D1-7B94-4483-AF50-804C167D1DB3
# environment
COLORFGBG = 12;8
# environment
__CF_USER_TEXT_ENCODING = 0x1F5:0x0:0x0
# environment
COMMAND_MODE = unix2003
# environment
GIT_ASKPASS = /Applications/Visual Studio Code.app/Contents/Resources/app/extensions/git/dist/askpass.sh
# default
MAKEFILES := 
# automatic
<F = $(notdir $<)
# environment
ITERM_PROFILE = Default
# environment
API_PORT = 4000
# environment
MSSQL_PASSWORD = newsComplexSpoonful363^
# environment
PAGER = less
# environment
LC_ALL = C
# automatic
^F = $(notdir $^)
# default
SUFFIXES := 
# default
.INCLUDE_DIRS = /usr/local/include
# environment
VSCODE_GIT_IPC_HANDLE = /var/folders/70/sxv3jx4x515f74d62lxh93cm0000gn/T/vscode-git-621717d50c.sock
# environment
LANG = C
# environment
TERM = xterm-256color
# environment
VSCODE_PID = 1840
# environment
MSSQL_USER = sa
# variable set hash-table stats:
# Load=100/1024=10%, Rehash=0, Collisions=9/121=7%

# Pattern-specific Variable Values

# No pattern-specific variable values.

# Directories

# . (device 16777234, inode 4194662): 25 files, no impossibilities.

# 25 files, no impossibilities in 1 directories.

# Implicit Rules

# No implicit rules.

# Files

# Not a target:
all:
#  Command-line target.
#  Implicit rule search has been done.
#  File does not exist.
#  File has not been updated.
# variable set hash-table stats:
# Load=0/32=0%, Rehash=0, Collisions=0/0=0%

# Not a target:
.SUFFIXES:
#  Implicit rule search has not been done.
#  Modification time never checked.
#  File has not been updated.

# Not a target:
Makefile:
#  A default, MAKEFILES, or -include/sinclude makefile.
#  Implicit rule search has been done.
#  File does not exist.
#  File has been updated.
#  Failed to be updated.
# variable set hash-table stats:
# Load=0/32=0%, Rehash=0, Collisions=0/0=0%

# Not a target:
makefile:
 
#  A default, MAKEFILES, or -include/sinclude makefile.
#  Implicit rule search has been done.
#  File does not exist.
#  File has been updated.
#  Failed to be updated.
# variable set hash-table stats:
# Load=0/32=0%, Rehash=0, Collisions=0/0=0%

# Not a target:
.DEFAULT:
#  Implicit rule search has not been done.
#  Modification time never checked.
#  File has not been updated.

# Not a target:
GNUmakefile:
#  A default, MAKEFILES, or -include/sinclude makefile.
#  Implicit rule search has been done.
#  File does not exist.
#  File has been updated.
#  Failed to be updated.
# variable set hash-table stats:
# Load=0/32=0%, Rehash=0, Collisions=0/0=0%

# files hash-table stats:
# Load=6/1024=1%, Rehash=0, Collisions=0/17=0%
# VPATH Search Paths

# No `vpath' search paths.

# No general (`VPATH' variable) search path.

# # of strings in strcache: 0
# # of strcache buffers: 0
# strcache size: total = 0 / max = 0 / min = 4096 / avg = 0
# strcache free: total = 0 / max = 0 / min = 4096 / avg = 0

# Finished Make data base on Tue Jul  5 15:23:38 2022

 
